<?xml version="1.0" encoding="UTF-8"?>
<testsuite xmlns:xsi="http://www.w3.org/2001/XMLSchema-instance" xsi:noNamespaceSchemaLocation="https://maven.apache.org/surefire/maven-surefire-plugin/xsd/surefire-test-report.xsd" name="com.sarvesh.junit1.Junit1ApplicationTests" time="2.861" tests="6" errors="0" skipped="0" failures="0">
  <properties>
[...]
</properties>
  <testcase name="addUser" classname="com.sarvesh.junit1.Junit1ApplicationTests" time="0"/>
  <testcase name="updateUser" classname="com.sarvesh.junit1.Junit1ApplicationTests" time="0.013"/>
  <testcase name="getUserId" classname="com.sarvesh.junit1.Junit1ApplicationTests" time="0.141"/>
  <testcase name="removeUser" classname="com.sarvesh.junit1.Junit1ApplicationTests" time="0"/>
  <testcase name="getUserById" classname="com.sarvesh.junit1.Junit1ApplicationTests" time="0.003"/>
  <testcase name="getUsers" classname="com.sarvesh.junit1.Junit1ApplicationTests" time="0.008"/>
</testsuite>